Mono path[0] = 'C:/Users/OffRoad/Desktop/OffTerSim/env-build/uneven-terrain-driver_Data/Managed'
Mono config path = 'C:/Users/OffRoad/Desktop/OffTerSim/env-build/MonoBleedingEdge/etc'
Initialize engine version: 2021.3.24f1 (cf10dcf7010d)
[Subsystems] Discovering subsystems at path C:/Users/OffRoad/Desktop/OffTerSim/env-build/uneven-terrain-driver_Data/UnitySubsystems
GfxDevice: creating device client; threaded=1; jobified=0
Direct3D:
    Version:  Direct3D 11.0 [level 11.1]
    Renderer: NVIDIA GeForce RTX 4070 (ID=0x2786)
    Vendor:   NVIDIA
    VRAM:     12026 MB
    Driver:   31.0.15.3619
Begin MonoManager ReloadAssembly
- Completed reload, in  0.055 seconds
<RI> Initializing input.
New input system (experimental) initialized
Using XInput
XInput1_3.dll not found. Trying XInput9_1_0.dll instead...
<RI> Input initialized.
<RI> Initialized touch support.
The tree grass Variant must use the Nature/Soft Occlusion shader. Otherwise billboarding/lighting will not work correctly.
UnloadTime: 0.737200 ms
Delta time: 0.02
Deserialized parameters from YAML file: params.yaml
Heightmap image loaded: heightmap.png
Here 1
Here 1_
Here 2
Width, Height: 512 4097 1.953125
Here 3
Here 4
Here 5
Here 1 before
Here 1
Episode: 1
Something wrong1!!
10.21303
Something wrong2!!
0.6836988
Something wrong3!!
(1.15, 0.38, 10.18)
Something wrong1!!
10.74401
Something wrong2!!
0.719169
Something wrong3!!
(1.27, 0.07, 10.71)
Something wrong1!!
11.13155
Something wrong2!!
0.7458689
Something wrong3!!
(1.42, 0.31, 11.09)
Something wrong1!!
11.55627
Something wrong2!!
0.774557
Something wrong3!!
(1.61, 0.09, 11.51)
Something wrong1!!
11.93264
Something wrong2!!
0.80048
Something wrong3!!
(1.78, -0.06, 11.87)
Something wrong1!!
12.16653
Something wrong2!!
0.8190982
Something wrong3!!
(1.89, 0.92, 12.11)
Something wrong1!!
12.52561
Something wrong2!!
0.842236
Something wrong3!!
(2.04, -0.35, 12.46)
Something wrong1!!
12.69836
Something wrong2!!
0.8556827
Something wrong3!!
(2.11, 0.71, 12.64)
Something wrong1!!
12.98297
Something wrong2!!
0.8748854
Something wrong3!!
(2.35, -0.39, 12.90)
Something wrong1!!
13.07412
Something wrong2!!
0.8827903
Something wrong3!!
(2.52, 0.57, 12.99)
